

[editMember] Request for ID: 67d85559e49a508c5e3c5819
[editMember] Body: {"name":"YV Sridhar","rollNo":"1","designation":"chairperson","description":"I am the chairperson of the Cybernauts committee.","position":"member","mobileNo":"07569656825","email":"yashwanth.k0620@gmail.com","year":"2024-2025"}
[editMember] req.file IS PRESENT: 22B81A05U7.jpeg, size: 182290


[editMember] Request for ID: 67d85559e49a508c5e3c5819
[editMember] Body: {"name":"YV Sridhar","rollNo":"1","designation":"chairperson","description":"I am the chairperson of the Cybernauts committee.","position":"member","mobileNo":"07569656825","email":"yashwanth.k0620@gmail.com","year":"2024-2025"}
[editMember] req.file IS PRESENT: 22B81A05U7.jpeg, size: 182290


[editMember] Request for ID: 67d85559e49a508c5e3c5819
[editMember] Body: {"name":"YV Sridhar","rollNo":"1","designation":"chairperson","description":"I am the chairperson of the Cybernauts committee.","position":"member","mobileNo":"07569656825","email":"yashwanth.k0620@gmail.com","year":"2024-2025"}
[editMember] req.file IS PRESENT: 22B81A05U7.jpeg, size: 182290


[editMember] Request for ID: 67d85559e49a508c5e3c5819
[editMember] Body: {"name":"KASTHURI RAKESH","rollNo":"22","designation":"chairperson","description":"I am the chairperson of the Cybernauts committee.","position":"member","mobileNo":"7780571236","email":"rakesh.k0620@gmail.com","year":"2024-2025"}
[editMember] req.file IS PRESENT: 22B81A05U7.jpeg, size: 182290


[editMember] Request for ID: 67d85559e49a508c5e3c5819
[editMember] Body: {"name":"YV Sridhar","rollNo":"1","designation":"chairperson","description":"I am the chairperson of the Cybernauts committee.","position":"member","mobileNo":"07569656825","email":"yashwanth.k0620@gmail.com","year":"2024-2025","image":"https://drive.google.com/thumbnail?id=1NO62Qd8Ox43gj-lLvygY8IGBT21Z3_uz"}
[editMember] req.file is MISSING


[editMember] Request for ID: 67d85559e49a508c5e3c5819
[editMember] Body: {"name":"YV Sridhar","rollNo":"1","designation":"chairperson","description":"I am the chairperson of the Cybernauts committee.","position":"member","mobileNo":"07569656825","email":"yashwanth.k0620@gmail.com","year":"2024-2025","image":"https://drive.google.com/thumbnail?id=1NO62Qd8Ox43gj-lLvygY8IGBT21Z3_uz"}
[editMember] req.file is MISSING


[editMember] Request for ID: 67d85559e49a508c5e3c5819
[editMember] Body: {"name":"YV Sridhar","rollNo":"1","designation":"chairperson","description":"I am the chairperson of the Cybernauts committee.","position":"member","mobileNo":"075696","email":"yashwanth.k0620@gmail.com","year":"2024-2025","image":"https://drive.google.com/thumbnail?id=1NO62Qd8Ox43gj-lLvygY8IGBT21Z3_uz"}
[editMember] req.file is MISSING


[editMember] Request for ID: 67d85559e49a508c5e3c5819
[editMember] Body: {"name":"YV Sridhar","rollNo":"1","designation":"chairperson","description":"I am the chairperson of the Cybernauts committee.","position":"member","mobileNo":"075696","email":"yashwanth.k0620@gmail.com","year":"2024-2025"}
[editMember] req.file IS PRESENT: 22B81A05U7.jpeg, size: 182290


[editMember] Request for ID: 67d85559e49a508c5e3c5819
[editMember] Body: {"name":"YV Sridhar","rollNo":"1","designation":"chairperson","description":"I am the chairperson of the Cybernauts committee.","position":"member","mobileNo":"075696","email":"yashwanth.k0620@gmail.com","year":"2024-2025"}
[editMember] req.file IS PRESENT: 22B81A05U7.jpeg, size: 182290
